{"/Users/collinsijeomah/Documents/html/react-native/luno/components/Button.js": {"path":"/Users/collinsijeomah/Documents/html/react-native/luno/components/Button.js","statementMap":{"0":{"start":{"line":7,"column":8},"end":{"line":7,"column":21}},"1":{"start":{"line":11,"column":21},"end":{"line":17,"column":5}},"2":{"start":{"line":12,"column":33},"end":{"line":12,"column":43}},"3":{"start":{"line":13,"column":8},"end":{"line":15,"column":9}},"4":{"start":{"line":14,"column":12},"end":{"line":14,"column":32}},"5":{"start":{"line":16,"column":8},"end":{"line":16,"column":17}},"6":{"start":{"line":20,"column":43},"end":{"line":20,"column":49}},"7":{"start":{"line":21,"column":35},"end":{"line":21,"column":45}},"8":{"start":{"line":24,"column":31},"end":{"line":24,"column":130}},"9":{"start":{"line":26,"column":8},"end":{"line":32,"column":10}},"10":{"start":{"line":36,"column":0},"end":{"line":38,"column":1}},"11":{"start":{"line":40,"column":15},"end":{"line":58,"column":1}}},"fnMap":{"0":{"name":"(anonymous_0)","decl":{"start":{"line":6,"column":4},"end":{"line":6,"column":5}},"loc":{"start":{"line":6,"column":23},"end":{"line":8,"column":5}},"line":6},"1":{"name":"(anonymous_1)","decl":{"start":{"line":11,"column":21},"end":{"line":11,"column":22}},"loc":{"start":{"line":11,"column":27},"end":{"line":17,"column":5}},"line":11},"2":{"name":"(anonymous_2)","decl":{"start":{"line":19,"column":4},"end":{"line":19,"column":5}},"loc":{"start":{"line":19,"column":12},"end":{"line":33,"column":5}},"line":19}},"branchMap":{"0":{"loc":{"start":{"line":13,"column":8},"end":{"line":15,"column":9}},"type":"if","locations":[{"start":{"line":13,"column":8},"end":{"line":15,"column":9}},{"start":{"line":13,"column":8},"end":{"line":15,"column":9}}],"line":13},"1":{"loc":{"start":{"line":24,"column":31},"end":{"line":24,"column":130}},"type":"cond-expr","locations":[{"start":{"line":24,"column":41},"end":{"line":24,"column":52}},{"start":{"line":24,"column":55},"end":{"line":24,"column":130}}],"line":24}},"s":{"0":2,"1":2,"2":0,"3":0,"4":0,"5":0,"6":2,"7":2,"8":2,"9":2,"10":1,"11":1},"f":{"0":2,"1":0,"2":2},"b":{"0":[0,0],"1":[1,1]},"_coverageSchema":"43e27e138ebf9cfc5966b082cf9a028302ed4184","hash":"bb7d1ca536e151cade26b6b5440d829f5a83f585"}
}
